info: ::1 - - [23/Nov/2022:16:07:17 +0000] "POST /api/v1/users/Register HTTP/1.1" 201 276 "-" "PostmanRuntime/7.29.2"

info: ::1 - - [23/Nov/2022:16:09:13 +0000] "POST /api/v1/users/Register HTTP/1.1" 201 280 "-" "PostmanRuntime/7.29.2"

info: ::1 - - [23/Nov/2022:16:09:33 +0000] "POST /api/v1/users/Register HTTP/1.1" 500 56 "-" "PostmanRuntime/7.29.2"

info: ::1 - - [23/Nov/2022:16:44:57 +0000] "POST /api/v1/users/login HTTP/1.1" 500 70 "-" "PostmanRuntime/7.29.2"

info: ::1 - - [23/Nov/2022:16:46:04 +0000] "POST /api/v1/users/login HTTP/1.1" 500 54 "-" "PostmanRuntime/7.29.2"

info: ::1 - - [23/Nov/2022:16:46:48 +0000] "POST /api/v1/users/login HTTP/1.1" 500 54 "-" "PostmanRuntime/7.29.2"

info: ::1 - - [23/Nov/2022:16:47:23 +0000] "POST /api/v1/users/login HTTP/1.1" 200 275 "-" "PostmanRuntime/7.29.2"

info: ::1 - - [23/Nov/2022:16:48:29 +0000] "POST /api/v1/users/login HTTP/1.1" 500 55 "-" "PostmanRuntime/7.29.2"

info: ::1 - - [23/Nov/2022:16:48:37 +0000] "POST /api/v1/users/login HTTP/1.1" 200 275 "-" "PostmanRuntime/7.29.2"

info: ::1 - - [23/Nov/2022:16:48:49 +0000] "POST /api/v1/users/login HTTP/1.1" 500 54 "-" "PostmanRuntime/7.29.2"

info: ::1 - - [23/Nov/2022:16:49:15 +0000] "POST /api/v1/users/login HTTP/1.1" 200 275 "-" "PostmanRuntime/7.29.2"

info: ::1 - - [24/Nov/2022:02:46:35 +0000] "POST /api/v1/users/Register HTTP/1.1" 500 89 "-" "PostmanRuntime/7.29.2"

info: ::1 - - [24/Nov/2022:02:47:34 +0000] "POST /api/v1/users/Register HTTP/1.1" 500 103 "-" "PostmanRuntime/7.29.2"

info: ::1 - - [24/Nov/2022:03:11:44 +0000] "POST /api/v1/users/Register HTTP/1.1" 500 60 "-" "PostmanRuntime/7.29.2"

info: ::1 - - [24/Nov/2022:03:12:00 +0000] "POST /api/v1/users/Register HTTP/1.1" 500 56 "-" "PostmanRuntime/7.29.2"

info: ::1 - - [24/Nov/2022:03:12:10 +0000] "POST /api/v1/users/Register HTTP/1.1" 500 59 "-" "PostmanRuntime/7.29.2"

info: ::1 - - [24/Nov/2022:03:12:28 +0000] "POST /api/v1/users/Register HTTP/1.1" 500 59 "-" "PostmanRuntime/7.29.2"

info: ::1 - - [24/Nov/2022:13:21:50 +0000] "POST /api/v1/users/Register HTTP/1.1" 201 322 "-" "PostmanRuntime/7.29.2"

info: ::1 - - [24/Nov/2022:14:10:58 +0000] "POST /api/v1/users/login HTTP/1.1" 500 67 "-" "PostmanRuntime/7.29.2"

info: ::1 - - [24/Nov/2022:14:18:11 +0000] "POST /api/v1/users/login HTTP/1.1" 500 67 "-" "PostmanRuntime/7.29.2"

info: ::1 - - [24/Nov/2022:14:20:25 +0000] "POST /api/v1/users/login HTTP/1.1" 500 67 "-" "PostmanRuntime/7.29.2"

info: ::1 - - [24/Nov/2022:14:21:32 +0000] "POST /api/v1/users/login HTTP/1.1" 500 67 "-" "PostmanRuntime/7.29.2"

info: ::1 - - [24/Nov/2022:14:24:12 +0000] "POST /api/v1/users/login HTTP/1.1" 500 67 "-" "PostmanRuntime/7.29.2"

info: ::1 - - [24/Nov/2022:14:43:51 +0000] "POST /api/v1/users/login HTTP/1.1" 200 319 "-" "PostmanRuntime/7.29.2"

info: ::1 - - [24/Nov/2022:14:47:09 +0000] "POST /api/v1/users/Register HTTP/1.1" 201 326 "-" "PostmanRuntime/7.29.2"

info: ::1 - - [24/Nov/2022:14:48:18 +0000] "POST /api/v1/users/login HTTP/1.1" 200 323 "-" "PostmanRuntime/7.29.2"

info: ::1 - - [24/Nov/2022:14:49:40 +0000] "POST /api/v1/users/login HTTP/1.1" 200 323 "-" "PostmanRuntime/7.29.2"

info: ::1 - - [24/Nov/2022:14:54:51 +0000] "POST /api/v1/users/Register HTTP/1.1" 201 323 "-" "PostmanRuntime/7.29.2"

info: ::1 - - [25/Nov/2022:03:35:29 +0000] "POST /api/v1/users/Register HTTP/1.1" 201 323 "-" "PostmanRuntime/7.29.2"

info: ::1 - - [25/Nov/2022:03:36:04 +0000] "POST /api/v1/users/login HTTP/1.1" 200 320 "-" "PostmanRuntime/7.29.2"

info: ::1 - - [25/Nov/2022:03:50:24 +0000] "POST /api/v1/users/login HTTP/1.1" 200 274 "-" "PostmanRuntime/7.29.2"

info: ::1 - - [25/Nov/2022:07:10:34 +0000] "POST /api/v1/users/login HTTP/1.1" 500 71 "-" "PostmanRuntime/7.29.2"

info: ::1 - - [25/Nov/2022:07:11:10 +0000] "POST /api/v1/users/login HTTP/1.1" 500 71 "-" "PostmanRuntime/7.29.2"

info: ::1 - - [25/Nov/2022:07:12:15 +0000] "POST /api/v1/users/login HTTP/1.1" 200 274 "-" "PostmanRuntime/7.29.2"

info: ::1 - - [25/Nov/2022:08:04:57 +0000] "GET /api/v1/note HTTP/1.1" 404 47 "-" "PostmanRuntime/7.29.2"

info: ::1 - - [25/Nov/2022:08:05:44 +0000] "GET /api/v1/note/create HTTP/1.1" 404 47 "-" "PostmanRuntime/7.29.2"

info: ::1 - - [25/Nov/2022:08:07:53 +0000] "POST /api/v1/note/create HTTP/1.1" 500 61 "-" "PostmanRuntime/7.29.2"

info: ::1 - - [25/Nov/2022:08:08:47 +0000] "POST /api/v1/note/create HTTP/1.1" 201 235 "-" "PostmanRuntime/7.29.2"

info: ::1 - - [25/Nov/2022:08:12:03 +0000] "POST /api/v1/note/create HTTP/1.1" 500 61 "-" "PostmanRuntime/7.29.2"

info: ::1 - - [25/Nov/2022:08:12:27 +0000] "POST /api/v1/note/create HTTP/1.1" 500 61 "-" "PostmanRuntime/7.29.2"

info: ::1 - - [25/Nov/2022:08:13:00 +0000] "POST /api/v1/note/create HTTP/1.1" 500 61 "-" "PostmanRuntime/7.29.2"

info: ::1 - - [25/Nov/2022:08:13:36 +0000] "POST /api/v1/note/create HTTP/1.1" 500 61 "-" "PostmanRuntime/7.29.2"

info: ::1 - - [25/Nov/2022:08:14:18 +0000] "POST /api/v1/note/create HTTP/1.1" 201 229 "-" "PostmanRuntime/7.29.2"

